# JRE version: Java(TM) SE Runtime Environment (8.0_131-b11) (build 1.8.0_131-b11)
# Java VM: Java HotSpot(TM) 64-Bit Server VM (25.131-b11 mixed mode windows-amd64 compressed oops)
Heap:
 PSYoungGen      total 113664K, used 8914K [0x00000000ed900000, 0x00000000f5180000, 0x0000000100000000)
  eden space 103936K, 8% used [0x00000000ed900000,0x00000000ee1b4af8,0x00000000f3e80000)
  from space 9728K, 0% used [0x00000000f3e80000,0x00000000f3e80000,0x00000000f4800000)
  to   space 9728K, 0% used [0x00000000f4800000,0x00000000f4800000,0x00000000f5180000)
 ParOldGen       total 32768K, used 14592K [0x00000000c8a00000, 0x00000000caa00000, 0x00000000ed900000)
  object space 32768K, 44% used [0x00000000c8a00000,0x00000000c98401e0,0x00000000caa00000)
 Metaspace       used 36435K, capacity 38118K, committed 38656K, reserved 1085440K
  class space    used 4912K, capacity 5240K, committed 5376K, reserved 1048576K
GC Heap History (10 events):
Event: 10.885 GC heap before
{Heap before GC invocations=24 (full 7):
 PSYoungGen      total 113664K, used 64K [0x00000000ed900000, 0x00000000f5180000, 0x0000000100000000)
  eden space 103936K, 0% used [0x00000000ed900000,0x00000000ed900000,0x00000000f3e80000)
  from space 9728K, 0% used [0x00000000f3e80000,0x00000000f3e90000,0x00000000f4800000)
  to   space 9728K, 0% used [0x00000000f4800000,0x00000000f4800000,0x00000000f5180000)
 ParOldGen       total 32768K, used 16319K [0x00000000c8a00000, 0x00000000caa00000, 0x00000000ed900000)
  object space 32768K, 49% used [0x00000000c8a00000,0x00000000c99efff8,0x00000000caa00000)
 Metaspace       used 36223K, capacity 37884K, committed 38400K, reserved 1091584K
  class space    used 4876K, capacity 5194K, committed 5376K, reserved 1048576K
Event: 10.934 GC heap after
Heap after GC invocations=24 (full 7):
 PSYoungGen      total 113664K, used 0K [0x00000000ed900000, 0x00000000f5180000, 0x0000000100000000)
  eden space 103936K, 0% used [0x00000000ed900000,0x00000000ed900000,0x00000000f3e80000)
  from space 9728K, 0% used [0x00000000f3e80000,0x00000000f3e80000,0x00000000f4800000)
  to   space 9728K, 0% used [0x00000000f4800000,0x00000000f4800000,0x00000000f5180000)
 ParOldGen       total 32768K, used 16305K [0x00000000c8a00000, 0x00000000caa00000, 0x00000000ed900000)
  object space 32768K, 49% used [0x00000000c8a00000,0x00000000c99ec730,0x00000000caa00000)
 Metaspace       used 36223K, capacity 37884K, committed 38400K, reserved 1085440K
  class space    used 4876K, capacity 5194K, committed 5376K, reserved 1048576K
}
Event: 10.934 GC heap before
{Heap before GC invocations=25 (full 7):
 PSYoungGen      total 113664K, used 0K [0x00000000ed900000, 0x00000000f5180000, 0x0000000100000000)
  eden space 103936K, 0% used [0x00000000ed900000,0x00000000ed900000,0x00000000f3e80000)
  from space 9728K, 0% used [0x00000000f3e80000,0x00000000f3e80000,0x00000000f4800000)
  to   space 9728K, 0% used [0x00000000f4800000,0x00000000f4800000,0x00000000f5180000)
 ParOldGen       total 32768K, used 16305K [0x00000000c8a00000, 0x00000000caa00000, 0x00000000ed900000)
  object space 32768K, 49% used [0x00000000c8a00000,0x00000000c99ec730,0x00000000caa00000)
 Metaspace       used 36223K, capacity 37884K, committed 38400K, reserved 1089536K
  class space    used 4876K, capacity 5194K, committed 5376K, reserved 1048576K
Event: 10.935 GC heap after
Heap after GC invocations=25 (full 7):
 PSYoungGen      total 113664K, used 0K [0x00000000ed900000, 0x00000000f5180000, 0x0000000100000000)
  eden space 103936K, 0% used [0x00000000ed900000,0x00000000ed900000,0x00000000f3e80000)
  from space 9728K, 0% used [0x00000000f4800000,0x00000000f4800000,0x00000000f5180000)
  to   space 9728K, 0% used [0x00000000f3e80000,0x00000000f3e80000,0x00000000f4800000)
 ParOldGen       total 32768K, used 16305K [0x00000000c8a00000, 0x00000000caa00000, 0x00000000ed900000)
  object space 32768K, 49% used [0x00000000c8a00000,0x00000000c99ec730,0x00000000caa00000)
 Metaspace       used 36223K, capacity 37884K, committed 38400K, reserved 1089536K
  class space    used 4876K, capacity 5194K, committed 5376K, reserved 1048576K
}
Event: 10.935 GC heap before
{Heap before GC invocations=26 (full 8):
 PSYoungGen      total 113664K, used 0K [0x00000000ed900000, 0x00000000f5180000, 0x0000000100000000)
  eden space 103936K, 0% used [0x00000000ed900000,0x00000000ed900000,0x00000000f3e80000)
  from space 9728K, 0% used [0x00000000f4800000,0x00000000f4800000,0x00000000f5180000)
  to   space 9728K, 0% used [0x00000000f3e80000,0x00000000f3e80000,0x00000000f4800000)
 ParOldGen       total 32768K, used 16305K [0x00000000c8a00000, 0x00000000caa00000, 0x00000000ed900000)
  object space 32768K, 49% used [0x00000000c8a00000,0x00000000c99ec730,0x00000000caa00000)
 Metaspace       used 36223K, capacity 37884K, committed 38400K, reserved 1089536K
  class space    used 4876K, capacity 5194K, committed 5376K, reserved 1048576K
Event: 10.986 GC heap after
Heap after GC invocations=26 (full 8):
 PSYoungGen      total 113664K, used 0K [0x00000000ed900000, 0x00000000f5180000, 0x0000000100000000)
  eden space 103936K, 0% used [0x00000000ed900000,0x00000000ed900000,0x00000000f3e80000)
  from space 9728K, 0% used [0x00000000f4800000,0x00000000f4800000,0x00000000f5180000)
  to   space 9728K, 0% used [0x00000000f3e80000,0x00000000f3e80000,0x00000000f4800000)
 ParOldGen       total 32768K, used 16304K [0x00000000c8a00000, 0x00000000caa00000, 0x00000000ed900000)
  object space 32768K, 49% used [0x00000000c8a00000,0x00000000c99ec018,0x00000000caa00000)
 Metaspace       used 36219K, capacity 37878K, committed 38400K, reserved 1085440K
  class space    used 4875K, capacity 5193K, committed 5376K, reserved 1048576K
}
Event: 10.998 GC heap before
{Heap before GC invocations=27 (full 8):
 PSYoungGen      total 113664K, used 1972K [0x00000000ed900000, 0x00000000f5180000, 0x0000000100000000)
  eden space 103936K, 1% used [0x00000000ed900000,0x00000000edaed170,0x00000000f3e80000)
  from space 9728K, 0% used [0x00000000f4800000,0x00000000f4800000,0x00000000f5180000)
  to   space 9728K, 0% used [0x00000000f3e80000,0x00000000f3e80000,0x00000000f4800000)
 ParOldGen       total 32768K, used 16304K [0x00000000c8a00000, 0x00000000caa00000, 0x00000000ed900000)
  object space 32768K, 49% used [0x00000000c8a00000,0x00000000c99ec018,0x00000000caa00000)
 Metaspace       used 36227K, capacity 37890K, committed 38400K, reserved 1091584K
  class space    used 4876K, capacity 5195K, committed 5376K, reserved 1048576K
Event: 11.002 GC heap after
Heap after GC invocations=27 (full 8):
 PSYoungGen      total 113664K, used 96K [0x00000000ed900000, 0x00000000f5180000, 0x0000000100000000)
  eden space 103936K, 0% used [0x00000000ed900000,0x00000000ed900000,0x00000000f3e80000)
  from space 9728K, 0% used [0x00000000f3e80000,0x00000000f3e98000,0x00000000f4800000)
  to   space 9728K, 0% used [0x00000000f4800000,0x00000000f4800000,0x00000000f5180000)
 ParOldGen       total 32768K, used 16304K [0x00000000c8a00000, 0x00000000caa00000, 0x00000000ed900000)
  object space 32768K, 49% used [0x00000000c8a00000,0x00000000c99ec018,0x00000000caa00000)
 Metaspace       used 36227K, capacity 37890K, committed 38400K, reserved 1091584K
  class space    used 4876K, capacity 5195K, committed 5376K, reserved 1048576K
}
Event: 11.002 GC heap before
{Heap before GC invocations=28 (full 9):
 PSYoungGen      total 113664K, used 96K [0x00000000ed900000, 0x00000000f5180000, 0x0000000100000000)
  eden space 103936K, 0% used [0x00000000ed900000,0x00000000ed900000,0x00000000f3e80000)
  from space 9728K, 0% used [0x00000000f3e80000,0x00000000f3e98000,0x00000000f4800000)
  to   space 9728K, 0% used [0x00000000f4800000,0x00000000f4800000,0x00000000f5180000)
 ParOldGen       total 32768K, used 16304K [0x00000000c8a00000, 0x00000000caa00000, 0x00000000ed900000)
  object space 32768K, 49% used [0x00000000c8a00000,0x00000000c99ec018,0x00000000caa00000)
 Metaspace       used 36227K, capacity 37890K, committed 38400K, reserved 1091584K
  class space    used 4876K, capacity 5195K, committed 5376K, reserved 1048576K
Event: 11.120 GC heap after
Heap after GC invocations=28 (full 9):
 PSYoungGen      total 113664K, used 0K [0x00000000ed900000, 0x00000000f5180000, 0x0000000100000000)
  eden space 103936K, 0% used [0x00000000ed900000,0x00000000ed900000,0x00000000f3e80000)
  from space 9728K, 0% used [0x00000000f3e80000,0x00000000f3e80000,0x00000000f4800000)
  to   space 9728K, 0% used [0x00000000f4800000,0x00000000f4800000,0x00000000f5180000)
 ParOldGen       total 32768K, used 14592K [0x00000000c8a00000, 0x00000000caa00000, 0x00000000ed900000)
  object space 32768K, 44% used [0x00000000c8a00000,0x00000000c98401e0,0x00000000caa00000)
 Metaspace       used 36227K, capacity 37890K, committed 38400K, reserved 1085440K
  class space    used 4876K, capacity 5195K, committed 5376K, reserved 1048576K
}

